============================= test session starts =============================
platform win32 -- Python 3.13.12, pytest-9.0.2, pluggy-1.6.0
rootdir: E:\Programmieren\Projekte\RezeptTok\backend
plugins: anyio-4.12.1
collected 66 items / 1 error

=================================== ERRORS ====================================
______________________ ERROR collecting test_output.txt _______________________
C:\Program Files\WindowsApps\PythonSoftwareFoundation.Python.3.13_3.13.3312.0_x64__qbz5n2kfra8p0\Lib\pathlib\_local.py:546: in read_text
    return PathBase.read_text(self, encoding, errors, newline)
           ^^^^^^^^^^^^^^^^^^^^^^^^^^^^^^^^^^^^^^^^^^^^^^^^^^^
C:\Program Files\WindowsApps\PythonSoftwareFoundation.Python.3.13_3.13.3312.0_x64__qbz5n2kfra8p0\Lib\pathlib\_abc.py:633: in read_text
    return f.read()
           ^^^^^^^^
<frozen codecs>:325: in decode
    ???
E   UnicodeDecodeError: 'utf-8' codec can't decode byte 0xff in position 0: invalid start byte
============================== warnings summary ===============================
schemas.py:40
  E:\Programmieren\Projekte\RezeptTok\backend\tests\..\schemas.py:40: PydanticDeprecatedSince20: Support for class-based `config` is deprecated, use ConfigDict instead. Deprecated in Pydantic V2.0 to be removed in V3.0. See Pydantic V2 Migration Guide at https://errors.pydantic.dev/2.12/migration/
    class MessageOut(BaseModel):

routers\notifications_router.py:11
  E:\Programmieren\Projekte\RezeptTok\backend\tests\..\routers\notifications_router.py:11: PydanticDeprecatedSince20: Support for class-based `config` is deprecated, use ConfigDict instead. Deprecated in Pydantic V2.0 to be removed in V3.0. See Pydantic V2 Migration Guide at https://errors.pydantic.dev/2.12/migration/
    class NotificationOut(BaseModel):

routers\shopping_router.py:16
  E:\Programmieren\Projekte\RezeptTok\backend\tests\..\routers\shopping_router.py:16: PydanticDeprecatedSince20: Support for class-based `config` is deprecated, use ConfigDict instead. Deprecated in Pydantic V2.0 to be removed in V3.0. See Pydantic V2 Migration Guide at https://errors.pydantic.dev/2.12/migration/
    class ShoppingListOut(BaseModel):

routers\shopping_router.py:34
  E:\Programmieren\Projekte\RezeptTok\backend\tests\..\routers\shopping_router.py:34: PydanticDeprecatedSince20: Support for class-based `config` is deprecated, use ConfigDict instead. Deprecated in Pydantic V2.0 to be removed in V3.0. See Pydantic V2 Migration Guide at https://errors.pydantic.dev/2.12/migration/
    class ShoppingItemOut(BaseModel):

-- Docs: https://docs.pytest.org/en/stable/how-to/capture-warnings.html
=========================== short test summary info ===========================
ERROR test_output.txt - UnicodeDecodeError: 'utf-8' codec can't decode byte 0...
!!!!!!!!!!!!!!!!!!! Interrupted: 1 error during collection !!!!!!!!!!!!!!!!!!!!
======================== 4 warnings, 1 error in 0.32s =========================

STDERR:
